<?xml version="1.0" encoding="UTF-8"?>
<!-- Generated by org.testng.reporters.JUnitXMLReporter -->
<testsuite ignored="0" hostname="DESKTOP-PME6MC6" failures="0" tests="3" name="Default test" time="18.188" errors="0" timestamp="12 May 2022 03:26:38 GMT">
  <testcase classname="com.java.TestNGTest.PrioritySetTest" name="Yahoo" time="6.65"/>
  <testcase classname="com.java.TestNGTest.PrioritySetTest" name="google" time="5.426"/>
  <testcase classname="com.java.TestNGTest.PrioritySetTest" name="bing" time="5.951"/>
</testsuite> <!-- Default test -->
