<?xml version="1.0" encoding="UTF-8"?>
<testng-results ignored="0" total="3" passed="3" failed="0" skipped="0">
  <reporter-output>
  </reporter-output>
  <suite started-at="2022-05-12T03:26:17Z" name="Default suite" finished-at="2022-05-12T03:26:35Z" duration-ms="18188">
    <groups>
    </groups>
    <test started-at="2022-05-12T03:26:17Z" name="Default test" finished-at="2022-05-12T03:26:35Z" duration-ms="18188">
      <class name="com.java.TestNGTest.PrioritySetTest">
        <test-method is-config="true" signature="launchBrowser()[pri:0, instance:com.java.TestNGTest.PrioritySetTest@7f485fda]" started-at="2022-05-12T03:25:56Z" name="launchBrowser" finished-at="2022-05-12T03:26:17Z" duration-ms="20533" status="PASS">
          <reporter-output>
          </reporter-output>
        </test-method> <!-- launchBrowser -->
        <test-method signature="Yahoo()[pri:0, instance:com.java.TestNGTest.PrioritySetTest@7f485fda]" started-at="2022-05-12T03:26:17Z" name="Yahoo" finished-at="2022-05-12T03:26:24Z" duration-ms="6650" status="PASS">
          <reporter-output>
          </reporter-output>
        </test-method> <!-- Yahoo -->
        <test-method signature="google()[pri:1, instance:com.java.TestNGTest.PrioritySetTest@7f485fda]" started-at="2022-05-12T03:26:24Z" name="google" finished-at="2022-05-12T03:26:29Z" duration-ms="5426" status="PASS">
          <reporter-output>
          </reporter-output>
        </test-method> <!-- google -->
        <test-method signature="bing()[pri:2, instance:com.java.TestNGTest.PrioritySetTest@7f485fda]" started-at="2022-05-12T03:26:29Z" name="bing" finished-at="2022-05-12T03:26:35Z" duration-ms="5951" status="PASS">
          <reporter-output>
          </reporter-output>
        </test-method> <!-- bing -->
        <test-method is-config="true" signature="tearDown()[pri:0, instance:com.java.TestNGTest.PrioritySetTest@7f485fda]" started-at="2022-05-12T03:26:39Z" name="tearDown" finished-at="2022-05-12T03:26:39Z" duration-ms="1" status="PASS">
          <reporter-output>
          </reporter-output>
        </test-method> <!-- tearDown -->
      </class> <!-- com.java.TestNGTest.PrioritySetTest -->
    </test> <!-- Default test -->
  </suite> <!-- Default suite -->
</testng-results>
